<?xml version="1.0" encoding="UTF-8"?>
<coverage generated="1764878029008" clover="3.2.0">
  <project timestamp="1764878029008" name="All files">
    <metrics statements="55" coveredstatements="55" conditionals="18" coveredconditionals="18" methods="23" coveredmethods="23" elements="96" coveredelements="96" complexity="0" loc="55" ncloc="55" packages="1" files="3" classes="3"/>
    <file name="invoice-repo-sample-data.ts" path="D:\Work\Introduction to Programming with AI_2025\19_Invoice_app\invoice-repo\src\invoice-repo-sample-data.ts">
      <metrics statements="12" coveredstatements="12" conditionals="0" coveredconditionals="0" methods="4" coveredmethods="4"/>
      <line num="6" count="1" type="stmt"/>
      <line num="18" count="116" type="stmt"/>
      <line num="24" count="1" type="stmt"/>
      <line num="26" count="29" type="stmt"/>
      <line num="36" count="29" type="stmt"/>
      <line num="42" count="29" type="stmt"/>
      <line num="87" count="29" type="stmt"/>
      <line num="88" count="145" type="stmt"/>
      <line num="92" count="29" type="stmt"/>
      <line num="279" count="29" type="stmt"/>
      <line num="280" count="232" type="stmt"/>
      <line num="283" count="29" type="stmt"/>
    </file>
    <file name="invoice-repo.ts" path="D:\Work\Introduction to Programming with AI_2025\19_Invoice_app\invoice-repo\src\invoice-repo.ts">
      <metrics statements="39" coveredstatements="39" conditionals="14" coveredconditionals="14" methods="17" coveredmethods="17"/>
      <line num="17" count="2" type="stmt"/>
      <line num="19" count="70" type="stmt"/>
      <line num="20" count="70" type="stmt"/>
      <line num="26" count="70" type="stmt"/>
      <line num="33" count="9" type="stmt"/>
      <line num="40" count="3" type="stmt"/>
      <line num="49" count="171" type="cond" truecount="2" falsecount="0"/>
      <line num="50" count="1" type="stmt"/>
      <line num="52" count="170" type="stmt"/>
      <line num="59" count="2" type="stmt"/>
      <line num="66" count="3" type="stmt"/>
      <line num="67" count="5" type="cond" truecount="2" falsecount="0"/>
      <line num="68" count="2" type="stmt"/>
      <line num="71" count="1" type="stmt"/>
      <line num="78" count="6" type="stmt"/>
      <line num="85" count="4" type="stmt"/>
      <line num="94" count="262" type="cond" truecount="2" falsecount="0"/>
      <line num="95" count="1" type="stmt"/>
      <line num="97" count="261" type="stmt"/>
      <line num="104" count="2" type="stmt"/>
      <line num="111" count="3" type="stmt"/>
      <line num="113" count="3" type="stmt"/>
      <line num="114" count="3" type="stmt"/>
      <line num="115" count="3" type="cond" truecount="2" falsecount="0"/>
      <line num="119" count="2" type="stmt"/>
      <line num="123" count="3" type="stmt"/>
      <line num="130" count="15" type="stmt"/>
      <line num="137" count="4" type="stmt"/>
      <line num="139" count="4" type="stmt"/>
      <line num="140" count="8" type="cond" truecount="4" falsecount="0"/>
      <line num="141" count="5" type="stmt"/>
      <line num="145" count="4" type="stmt"/>
      <line num="152" count="3" type="stmt"/>
      <line num="159" count="9" type="stmt"/>
      <line num="160" count="9" type="stmt"/>
      <line num="161" count="44" type="stmt"/>
      <line num="163" count="9" type="stmt"/>
      <line num="170" count="12" type="stmt"/>
      <line num="177" count="12" type="stmt"/>
    </file>
    <file name="invoice-types.ts" path="D:\Work\Introduction to Programming with AI_2025\19_Invoice_app\invoice-repo\src\invoice-types.ts">
      <metrics statements="4" coveredstatements="4" conditionals="4" coveredconditionals="4" methods="2" coveredmethods="2"/>
      <line num="48" count="2" type="stmt"/>
      <line num="49" count="24" type="cond" truecount="4" falsecount="0"/>
      <line num="55" count="2" type="stmt"/>
      <line num="56" count="8" type="stmt"/>
    </file>
  </project>
</coverage>
