{"D:\\Work\\Introduction to Programming with AI_2025\\19_Invoice_app\\invoice-repo\\src\\invoice-repo-sample-data.ts": {"path":"D:\\Work\\Introduction to Programming with AI_2025\\19_Invoice_app\\invoice-repo\\src\\invoice-repo-sample-data.ts","statementMap":{"0":{"start":{"line":24,"column":0},"end":{"line":24,"column":24}},"1":{"start":{"line":6,"column":0},"end":{"line":6,"column":41}},"2":{"start":{"line":18,"column":2},"end":{"line":18,"column":38}},"3":{"start":{"line":26,"column":39},"end":{"line":33,"column":4}},"4":{"start":{"line":36,"column":15},"end":{"line":39,"column":4}},"5":{"start":{"line":42,"column":66},"end":{"line":85,"column":4}},"6":{"start":{"line":87,"column":2},"end":{"line":89,"column":5}},"7":{"start":{"line":88,"column":4},"end":{"line":88,"column":37}},"8":{"start":{"line":92,"column":30},"end":{"line":277,"column":4}},"9":{"start":{"line":279,"column":2},"end":{"line":281,"column":5}},"10":{"start":{"line":280,"column":4},"end":{"line":280,"column":29}},"11":{"start":{"line":283,"column":2},"end":{"line":283,"column":14}}},"fnMap":{"0":{"name":"generateTaxId","decl":{"start":{"line":17,"column":9},"end":{"line":17,"column":22}},"loc":{"start":{"line":17,"column":61},"end":{"line":19,"column":1}}},"1":{"name":"generateSampleData","decl":{"start":{"line":24,"column":24},"end":{"line":24,"column":42}},"loc":{"start":{"line":24,"column":42},"end":{"line":284,"column":1}}},"2":{"name":"(anonymous_3)","decl":{"start":{"line":87,"column":21},"end":{"line":87,"column":22}},"loc":{"start":{"line":87,"column":43},"end":{"line":89,"column":3}}},"3":{"name":"(anonymous_4)","decl":{"start":{"line":279,"column":19},"end":{"line":279,"column":20}},"loc":{"start":{"line":279,"column":31},"end":{"line":281,"column":3}}}},"branchMap":{},"s":{"0":1,"1":1,"2":116,"3":29,"4":29,"5":29,"6":29,"7":145,"8":29,"9":29,"10":232,"11":29},"f":{"0":116,"1":29,"2":145,"3":232},"b":{}}
,"D:\\Work\\Introduction to Programming with AI_2025\\19_Invoice_app\\invoice-repo\\src\\invoice-repo.ts": {"path":"D:\\Work\\Introduction to Programming with AI_2025\\19_Invoice_app\\invoice-repo\\src\\invoice-repo.ts","statementMap":{"0":{"start":{"line":19,"column":10},"end":{"line":19,"column":57}},"1":{"start":{"line":20,"column":10},"end":{"line":20,"column":53}},"2":{"start":{"line":26,"column":4},"end":{"line":26,"column":29}},"3":{"start":{"line":33,"column":4},"end":{"line":33,"column":25}},"4":{"start":{"line":40,"column":4},"end":{"line":40,"column":54}},"5":{"start":{"line":49,"column":4},"end":{"line":51,"column":5}},"6":{"start":{"line":50,"column":6},"end":{"line":50,"column":66}},"7":{"start":{"line":52,"column":4},"end":{"line":52,"column":39}},"8":{"start":{"line":59,"column":4},"end":{"line":59,"column":35}},"9":{"start":{"line":66,"column":4},"end":{"line":70,"column":5}},"10":{"start":{"line":67,"column":6},"end":{"line":69,"column":7}},"11":{"start":{"line":68,"column":8},"end":{"line":68,"column":25}},"12":{"start":{"line":71,"column":4},"end":{"line":71,"column":21}},"13":{"start":{"line":78,"column":4},"end":{"line":78,"column":36}},"14":{"start":{"line":85,"column":4},"end":{"line":85,"column":38}},"15":{"start":{"line":94,"column":4},"end":{"line":96,"column":5}},"16":{"start":{"line":95,"column":6},"end":{"line":95,"column":72}},"17":{"start":{"line":97,"column":4},"end":{"line":97,"column":43}},"18":{"start":{"line":104,"column":4},"end":{"line":104,"column":33}},"19":{"start":{"line":111,"column":30},"end":{"line":111,"column":32}},"20":{"start":{"line":113,"column":4},"end":{"line":121,"column":5}},"21":{"start":{"line":114,"column":24},"end":{"line":114,"column":61}},"22":{"start":{"line":115,"column":6},"end":{"line":120,"column":7}},"23":{"start":{"line":119,"column":8},"end":{"line":119,"column":29}},"24":{"start":{"line":123,"column":4},"end":{"line":123,"column":18}},"25":{"start":{"line":130,"column":4},"end":{"line":130,"column":34}},"26":{"start":{"line":137,"column":30},"end":{"line":137,"column":32}},"27":{"start":{"line":139,"column":4},"end":{"line":143,"column":5}},"28":{"start":{"line":140,"column":6},"end":{"line":142,"column":7}},"29":{"start":{"line":141,"column":8},"end":{"line":141,"column":29}},"30":{"start":{"line":145,"column":4},"end":{"line":145,"column":18}},"31":{"start":{"line":152,"column":4},"end":{"line":152,"column":36}},"32":{"start":{"line":159,"column":16},"end":{"line":159,"column":17}},"33":{"start":{"line":160,"column":4},"end":{"line":162,"column":5}},"34":{"start":{"line":161,"column":6},"end":{"line":161,"column":35}},"35":{"start":{"line":163,"column":4},"end":{"line":163,"column":17}},"36":{"start":{"line":170,"column":4},"end":{"line":170,"column":30}},"37":{"start":{"line":177,"column":4},"end":{"line":177,"column":32}},"38":{"start":{"line":17,"column":0},"end":{"line":17,"column":21}}},"fnMap":{"0":{"name":"(anonymous_0)","decl":{"start":{"line":25,"column":2},"end":{"line":25,"column":14}},"loc":{"start":{"line":25,"column":39},"end":{"line":27,"column":3}}},"1":{"name":"(anonymous_1)","decl":{"start":{"line":32,"column":2},"end":{"line":32,"column":13}},"loc":{"start":{"line":32,"column":13},"end":{"line":34,"column":3}}},"2":{"name":"(anonymous_2)","decl":{"start":{"line":39,"column":2},"end":{"line":39,"column":16}},"loc":{"start":{"line":39,"column":51},"end":{"line":41,"column":3}}},"3":{"name":"(anonymous_3)","decl":{"start":{"line":48,"column":2},"end":{"line":48,"column":14}},"loc":{"start":{"line":48,"column":47},"end":{"line":53,"column":3}}},"4":{"name":"(anonymous_4)","decl":{"start":{"line":58,"column":2},"end":{"line":58,"column":19}},"loc":{"start":{"line":58,"column":30},"end":{"line":60,"column":3}}},"5":{"name":"(anonymous_5)","decl":{"start":{"line":65,"column":2},"end":{"line":65,"column":21}},"loc":{"start":{"line":65,"column":34},"end":{"line":72,"column":3}}},"6":{"name":"(anonymous_6)","decl":{"start":{"line":77,"column":2},"end":{"line":77,"column":18}},"loc":{"start":{"line":77,"column":18},"end":{"line":79,"column":3}}},"7":{"name":"(anonymous_7)","decl":{"start":{"line":84,"column":2},"end":{"line":84,"column":17}},"loc":{"start":{"line":84,"column":28},"end":{"line":86,"column":3}}},"8":{"name":"(anonymous_8)","decl":{"start":{"line":93,"column":2},"end":{"line":93,"column":12}},"loc":{"start":{"line":93,"column":29},"end":{"line":98,"column":3}}},"9":{"name":"(anonymous_9)","decl":{"start":{"line":103,"column":2},"end":{"line":103,"column":17}},"loc":{"start":{"line":103,"column":28},"end":{"line":105,"column":3}}},"10":{"name":"(anonymous_10)","decl":{"start":{"line":110,"column":2},"end":{"line":110,"column":25}},"loc":{"start":{"line":110,"column":51},"end":{"line":124,"column":3}}},"11":{"name":"(anonymous_11)","decl":{"start":{"line":129,"column":2},"end":{"line":129,"column":16}},"loc":{"start":{"line":129,"column":16},"end":{"line":131,"column":3}}},"12":{"name":"(anonymous_12)","decl":{"start":{"line":136,"column":2},"end":{"line":136,"column":24}},"loc":{"start":{"line":136,"column":55},"end":{"line":146,"column":3}}},"13":{"name":"(anonymous_13)","decl":{"start":{"line":151,"column":2},"end":{"line":151,"column":15}},"loc":{"start":{"line":151,"column":26},"end":{"line":153,"column":3}}},"14":{"name":"(anonymous_14)","decl":{"start":{"line":158,"column":2},"end":{"line":158,"column":22}},"loc":{"start":{"line":158,"column":22},"end":{"line":164,"column":3}}},"15":{"name":"(anonymous_15)","decl":{"start":{"line":169,"column":2},"end":{"line":169,"column":17}},"loc":{"start":{"line":169,"column":17},"end":{"line":171,"column":3}}},"16":{"name":"(anonymous_16)","decl":{"start":{"line":176,"column":2},"end":{"line":176,"column":19}},"loc":{"start":{"line":176,"column":19},"end":{"line":178,"column":3}}}},"branchMap":{"0":{"loc":{"start":{"line":49,"column":4},"end":{"line":51,"column":5}},"type":"if","locations":[{"start":{"line":49,"column":4},"end":{"line":51,"column":5}},{"start":{},"end":{}}]},"1":{"loc":{"start":{"line":67,"column":6},"end":{"line":69,"column":7}},"type":"if","locations":[{"start":{"line":67,"column":6},"end":{"line":69,"column":7}},{"start":{},"end":{}}]},"2":{"loc":{"start":{"line":94,"column":4},"end":{"line":96,"column":5}},"type":"if","locations":[{"start":{"line":94,"column":4},"end":{"line":96,"column":5}},{"start":{},"end":{}}]},"3":{"loc":{"start":{"line":115,"column":6},"end":{"line":120,"column":7}},"type":"if","locations":[{"start":{"line":115,"column":6},"end":{"line":120,"column":7}},{"start":{},"end":{}}]},"4":{"loc":{"start":{"line":116,"column":8},"end":{"line":117,"column":46}},"type":"binary-expr","locations":[{"start":{"line":116,"column":9},"end":{"line":116,"column":43}},{"start":{"line":117,"column":9},"end":{"line":117,"column":45}}]},"5":{"loc":{"start":{"line":140,"column":6},"end":{"line":142,"column":7}},"type":"if","locations":[{"start":{"line":140,"column":6},"end":{"line":142,"column":7}},{"start":{},"end":{}}]},"6":{"loc":{"start":{"line":140,"column":10},"end":{"line":140,"column":62}},"type":"binary-expr","locations":[{"start":{"line":140,"column":10},"end":{"line":140,"column":35}},{"start":{"line":140,"column":39},"end":{"line":140,"column":62}}]}},"s":{"0":70,"1":70,"2":70,"3":9,"4":3,"5":171,"6":1,"7":170,"8":2,"9":3,"10":5,"11":2,"12":1,"13":6,"14":4,"15":262,"16":1,"17":261,"18":2,"19":3,"20":3,"21":3,"22":3,"23":2,"24":3,"25":15,"26":4,"27":4,"28":8,"29":5,"30":4,"31":3,"32":9,"33":9,"34":44,"35":9,"36":12,"37":12,"38":2},"f":{"0":70,"1":9,"2":3,"3":171,"4":2,"5":3,"6":6,"7":4,"8":262,"9":2,"10":3,"11":15,"12":4,"13":3,"14":9,"15":12,"16":12},"b":{"0":[1,170],"1":[2,3],"2":[1,261],"3":[2,1],"4":[3,2],"5":[5,3],"6":[8,6]}}
,"D:\\Work\\Introduction to Programming with AI_2025\\19_Invoice_app\\invoice-repo\\src\\invoice-types.ts": {"path":"D:\\Work\\Introduction to Programming with AI_2025\\19_Invoice_app\\invoice-repo\\src\\invoice-types.ts","statementMap":{"0":{"start":{"line":48,"column":0},"end":{"line":48,"column":16}},"1":{"start":{"line":55,"column":0},"end":{"line":55,"column":16}},"2":{"start":{"line":49,"column":2},"end":{"line":49,"column":103}},"3":{"start":{"line":56,"column":2},"end":{"line":56,"column":40}}},"fnMap":{"0":{"name":"isRecipientCompany","decl":{"start":{"line":48,"column":16},"end":{"line":48,"column":34}},"loc":{"start":{"line":48,"column":55},"end":{"line":50,"column":1}}},"1":{"name":"isRecipientIndividual","decl":{"start":{"line":55,"column":16},"end":{"line":55,"column":37}},"loc":{"start":{"line":55,"column":58},"end":{"line":57,"column":1}}}},"branchMap":{"0":{"loc":{"start":{"line":49,"column":9},"end":{"line":49,"column":102}},"type":"binary-expr","locations":[{"start":{"line":49,"column":9},"end":{"line":49,"column":26}},{"start":{"line":49,"column":30},"end":{"line":49,"column":50}},{"start":{"line":49,"column":54},"end":{"line":49,"column":76}},{"start":{"line":49,"column":80},"end":{"line":49,"column":102}}]}},"s":{"0":2,"1":2,"2":24,"3":8},"f":{"0":24,"1":8},"b":{"0":[24,11,10,10]}}
}
