TN:
SF:src\invoice-repo-sample-data.ts
FN:17,generateTaxId
FN:24,generateSampleData
FN:87,(anonymous_3)
FN:279,(anonymous_4)
FNF:4
FNH:4
FNDA:116,generateTaxId
FNDA:29,generateSampleData
FNDA:145,(anonymous_3)
FNDA:232,(anonymous_4)
DA:6,1
DA:18,116
DA:24,1
DA:26,29
DA:36,29
DA:42,29
DA:87,29
DA:88,145
DA:92,29
DA:279,29
DA:280,232
DA:283,29
LF:12
LH:12
BRF:0
BRH:0
end_of_record
TN:
SF:src\invoice-repo.ts
FN:25,(anonymous_0)
FN:32,(anonymous_1)
FN:39,(anonymous_2)
FN:48,(anonymous_3)
FN:58,(anonymous_4)
FN:65,(anonymous_5)
FN:77,(anonymous_6)
FN:84,(anonymous_7)
FN:93,(anonymous_8)
FN:103,(anonymous_9)
FN:110,(anonymous_10)
FN:129,(anonymous_11)
FN:136,(anonymous_12)
FN:151,(anonymous_13)
FN:158,(anonymous_14)
FN:169,(anonymous_15)
FN:176,(anonymous_16)
FNF:17
FNH:17
FNDA:70,(anonymous_0)
FNDA:9,(anonymous_1)
FNDA:3,(anonymous_2)
FNDA:171,(anonymous_3)
FNDA:2,(anonymous_4)
FNDA:3,(anonymous_5)
FNDA:6,(anonymous_6)
FNDA:4,(anonymous_7)
FNDA:262,(anonymous_8)
FNDA:2,(anonymous_9)
FNDA:3,(anonymous_10)
FNDA:15,(anonymous_11)
FNDA:4,(anonymous_12)
FNDA:3,(anonymous_13)
FNDA:9,(anonymous_14)
FNDA:12,(anonymous_15)
FNDA:12,(anonymous_16)
DA:17,2
DA:19,70
DA:20,70
DA:26,70
DA:33,9
DA:40,3
DA:49,171
DA:50,1
DA:52,170
DA:59,2
DA:66,3
DA:67,5
DA:68,2
DA:71,1
DA:78,6
DA:85,4
DA:94,262
DA:95,1
DA:97,261
DA:104,2
DA:111,3
DA:113,3
DA:114,3
DA:115,3
DA:119,2
DA:123,3
DA:130,15
DA:137,4
DA:139,4
DA:140,8
DA:141,5
DA:145,4
DA:152,3
DA:159,9
DA:160,9
DA:161,44
DA:163,9
DA:170,12
DA:177,12
LF:39
LH:39
BRDA:49,0,0,1
BRDA:49,0,1,170
BRDA:67,1,0,2
BRDA:67,1,1,3
BRDA:94,2,0,1
BRDA:94,2,1,261
BRDA:115,3,0,2
BRDA:115,3,1,1
BRDA:116,4,0,3
BRDA:116,4,1,2
BRDA:140,5,0,5
BRDA:140,5,1,3
BRDA:140,6,0,8
BRDA:140,6,1,6
BRF:14
BRH:14
end_of_record
TN:
SF:src\invoice-types.ts
FN:48,isRecipientCompany
FN:55,isRecipientIndividual
FNF:2
FNH:2
FNDA:24,isRecipientCompany
FNDA:8,isRecipientIndividual
DA:48,2
DA:49,24
DA:55,2
DA:56,8
LF:4
LH:4
BRDA:49,0,0,24
BRDA:49,0,1,11
BRDA:49,0,2,10
BRDA:49,0,3,10
BRF:4
BRH:4
end_of_record
